project/Tester/USBAUDIO/app/build/outputs/logs/manifest-merger-debug-report.txt
-- Merging decision tree log ---
manifest
ADDED from src/main/AndroidManifest.xml:2:1-19:12
INJECTED from src/main/AndroidManifest.xml:2:1-19:12
INJECTED from src/main/AndroidManifest.xml:2:1-19:12
INJECTED from src/main/AndroidManifest.xml:2:1-19:12
INJECTED from src/main/AndroidManifest.xml:2:1-19:12
INJECTED from src/main/AndroidManifest.xml:2:1-19:12
INJECTED from src/main/AndroidManifest.xml:2:1-19:12
	package
		ADDED from src/main/AndroidManifest.xml:3:7-34
		INJECTED from src/main/AndroidManifest.xml
		INJECTED from src/main/AndroidManifest.xml
	android:versionName
		ADDED from src/main/AndroidManifest.xml:5:7-32
		INJECTED from src/main/AndroidManifest.xml
		INJECTED from src/main/AndroidManifest.xml
	xmlns:android
		ADDED from src/main/AndroidManifest.xml:2:11-69
	android:versionCode
		ADDED from src/main/AndroidManifest.xml:4:7-30
		INJECTED from src/main/AndroidManifest.xml
		INJECTED from src/main/AndroidManifest.xml
uses-permission#android.permission.WRITE_EXTERNAL_STORAGE
ADDED from src/main/AndroidManifest.xml:7:5-97
	android:name
		ADDED from src/main/AndroidManifest.xml:7:22-78
uses-permission#android.permission.RECORD_AUDIO
ADDED from src/main/AndroidManifest.xml:8:5-87
	android:name
		ADDED from src/main/AndroidManifest.xml:8:22-68
application
ADDED from src/main/AndroidManifest.xml:10:5-18:19
	android:label
		ADDED from src/main/AndroidManifest.xml:10:18-50
	android:icon
		ADDED from src/main/AndroidManifest.xml:10:51-87
activity#com.xiao.usbaudio.USBAudioActivity
ADDED from src/main/AndroidManifest.xml:11:9-17:20
	android:label
		ADDED from src/main/AndroidManifest.xml:12:19-51
	android:name
		ADDED from src/main/AndroidManifest.xml:11:19-50
intent-filter#android.intent.action.MAIN+android.intent.category.LAUNCHER
ADDED from src/main/AndroidManifest.xml:13:13-16:29
action#android.intent.action.MAIN
ADDED from src/main/AndroidManifest.xml:14:17-69
	android:name
		ADDED from src/main/AndroidManifest.xml:14:25-66
category#android.intent.category.LAUNCHER
ADDED from src/main/AndroidManifest.xml:15:17-77
	android:name
		ADDED from src/main/AndroidManifest.xml:15:27-74